<?xml version="1.0" encoding="UTF-8"?>
<testsuite xmlns:xsi="http://www.w3.org/2001/XMLSchema-instance" xsi:noNamespaceSchemaLocation="https://maven.apache.org/surefire/maven-surefire-plugin/xsd/surefire-test-report.xsd" name="com.abcenterprise.ppmtool.PpmtoolApplicationTests" time="25.865" tests="1" errors="0" skipped="0" failures="0">
  <properties>
    <property name="sun.desktop" value="windows"/>
    <property name="awt.toolkit" value="sun.awt.windows.WToolkit"/>
    <property name="file.encoding.pkg" value="sun.io"/>
    <property name="java.specification.version" value="1.8"/>
    <property name="sun.jnu.encoding" value="Cp1252"/>
    <property name="java.class.path" value="D:\poc\Springboot+React\ABCEnterprisePPMTool\PPMToolFullStack\ppmtool\target\test-classes;D:\poc\Springboot+React\ABCEnterprisePPMTool\PPMToolFullStack\ppmtool\target\classes;C:\Users\kumar_ami\.m2\repository\org\springframework\boot\spring-boot-starter-data-jpa\2.1.0.RELEASE\spring-boot-starter-data-jpa-2.1.0.RELEASE.jar;C:\Users\kumar_ami\.m2\repository\org\springframework\boot\spring-boot-starter-aop\2.1.0.RELEASE\spring-boot-starter-aop-2.1.0.RELEASE.jar;C:\Users\kumar_ami\.m2\repository\org\aspectj\aspectjweaver\1.9.2\aspectjweaver-1.9.2.jar;C:\Users\kumar_ami\.m2\repository\org\springframework\boot\spring-boot-starter-jdbc\2.1.0.RELEASE\spring-boot-starter-jdbc-2.1.0.RELEASE.jar;C:\Users\kumar_ami\.m2\repository\com\zaxxer\HikariCP\3.2.0\HikariCP-3.2.0.jar;C:\Users\kumar_ami\.m2\repository\org\springframework\spring-jdbc\5.1.2.RELEASE\spring-jdbc-5.1.2.RELEASE.jar;C:\Users\kumar_ami\.m2\repository\javax\transaction\javax.transaction-api\1.3\javax.transaction-api-1.3.jar;C:\Users\kumar_ami\.m2\repository\javax\xml\bind\jaxb-api\2.3.1\jaxb-api-2.3.1.jar;C:\Users\kumar_ami\.m2\repository\javax\activation\javax.activation-api\1.2.0\javax.activation-api-1.2.0.jar;C:\Users\kumar_ami\.m2\repository\org\hibernate\hibernate-core\5.3.7.Final\hibernate-core-5.3.7.Final.jar;C:\Users\kumar_ami\.m2\repository\org\jboss\logging\jboss-logging\3.3.2.Final\jboss-logging-3.3.2.Final.jar;C:\Users\kumar_ami\.m2\repository\javax\persistence\javax.persistence-api\2.2\javax.persistence-api-2.2.jar;C:\Users\kumar_ami\.m2\repository\org\javassist\javassist\3.23.1-GA\javassist-3.23.1-GA.jar;C:\Users\kumar_ami\.m2\repository\net\bytebuddy\byte-buddy\1.9.3\byte-buddy-1.9.3.jar;C:\Users\kumar_ami\.m2\repository\antlr\antlr\2.7.7\antlr-2.7.7.jar;C:\Users\kumar_ami\.m2\repository\org\jboss\jandex\2.0.5.Final\jandex-2.0.5.Final.jar;C:\Users\kumar_ami\.m2\repository\com\fasterxml\classmate\1.4.0\classmate-1.4.0.jar;C:\Users\kumar_ami\.m2\repository\org\dom4j\dom4j\2.1.1\dom4j-2.1.1.jar;C:\Users\kumar_ami\.m2\repository\org\hibernate\common\hibernate-commons-annotations\5.0.4.Final\hibernate-commons-annotations-5.0.4.Final.jar;C:\Users\kumar_ami\.m2\repository\org\springframework\data\spring-data-jpa\2.1.2.RELEASE\spring-data-jpa-2.1.2.RELEASE.jar;C:\Users\kumar_ami\.m2\repository\org\springframework\data\spring-data-commons\2.1.2.RELEASE\spring-data-commons-2.1.2.RELEASE.jar;C:\Users\kumar_ami\.m2\repository\org\springframework\spring-orm\5.1.2.RELEASE\spring-orm-5.1.2.RELEASE.jar;C:\Users\kumar_ami\.m2\repository\org\springframework\spring-context\5.1.2.RELEASE\spring-context-5.1.2.RELEASE.jar;C:\Users\kumar_ami\.m2\repository\org\springframework\spring-tx\5.1.2.RELEASE\spring-tx-5.1.2.RELEASE.jar;C:\Users\kumar_ami\.m2\repository\org\springframework\spring-beans\5.1.2.RELEASE\spring-beans-5.1.2.RELEASE.jar;C:\Users\kumar_ami\.m2\repository\org\slf4j\slf4j-api\1.7.25\slf4j-api-1.7.25.jar;C:\Users\kumar_ami\.m2\repository\org\springframework\spring-aspects\5.1.2.RELEASE\spring-aspects-5.1.2.RELEASE.jar;C:\Users\kumar_ami\.m2\repository\org\springframework\boot\spring-boot-starter-web\2.1.0.RELEASE\spring-boot-starter-web-2.1.0.RELEASE.jar;C:\Users\kumar_ami\.m2\repository\org\springframework\boot\spring-boot-starter\2.1.0.RELEASE\spring-boot-starter-2.1.0.RELEASE.jar;C:\Users\kumar_ami\.m2\repository\org\springframework\boot\spring-boot-starter-logging\2.1.0.RELEASE\spring-boot-starter-logging-2.1.0.RELEASE.jar;C:\Users\kumar_ami\.m2\repository\ch\qos\logback\logback-classic\1.2.3\logback-classic-1.2.3.jar;C:\Users\kumar_ami\.m2\repository\ch\qos\logback\logback-core\1.2.3\logback-core-1.2.3.jar;C:\Users\kumar_ami\.m2\repository\org\apache\logging\log4j\log4j-to-slf4j\2.11.1\log4j-to-slf4j-2.11.1.jar;C:\Users\kumar_ami\.m2\repository\org\apache\logging\log4j\log4j-api\2.11.1\log4j-api-2.11.1.jar;C:\Users\kumar_ami\.m2\repository\org\slf4j\jul-to-slf4j\1.7.25\jul-to-slf4j-1.7.25.jar;C:\Users\kumar_ami\.m2\repository\javax\annotation\javax.annotation-api\1.3.2\javax.annotation-api-1.3.2.jar;C:\Users\kumar_ami\.m2\repository\org\yaml\snakeyaml\1.23\snakeyaml-1.23.jar;C:\Users\kumar_ami\.m2\repository\org\springframework\boot\spring-boot-starter-json\2.1.0.RELEASE\spring-boot-starter-json-2.1.0.RELEASE.jar;C:\Users\kumar_ami\.m2\repository\com\fasterxml\jackson\datatype\jackson-datatype-jdk8\2.9.7\jackson-datatype-jdk8-2.9.7.jar;C:\Users\kumar_ami\.m2\repository\com\fasterxml\jackson\datatype\jackson-datatype-jsr310\2.9.7\jackson-datatype-jsr310-2.9.7.jar;C:\Users\kumar_ami\.m2\repository\com\fasterxml\jackson\module\jackson-module-parameter-names\2.9.7\jackson-module-parameter-names-2.9.7.jar;C:\Users\kumar_ami\.m2\repository\org\springframework\boot\spring-boot-starter-tomcat\2.1.0.RELEASE\spring-boot-starter-tomcat-2.1.0.RELEASE.jar;C:\Users\kumar_ami\.m2\repository\org\apache\tomcat\embed\tomcat-embed-core\9.0.12\tomcat-embed-core-9.0.12.jar;C:\Users\kumar_ami\.m2\repository\org\apache\tomcat\embed\tomcat-embed-el\9.0.12\tomcat-embed-el-9.0.12.jar;C:\Users\kumar_ami\.m2\repository\org\apache\tomcat\embed\tomcat-embed-websocket\9.0.12\tomcat-embed-websocket-9.0.12.jar;C:\Users\kumar_ami\.m2\repository\org\hibernate\validator\hibernate-validator\6.0.13.Final\hibernate-validator-6.0.13.Final.jar;C:\Users\kumar_ami\.m2\repository\javax\validation\validation-api\2.0.1.Final\validation-api-2.0.1.Final.jar;C:\Users\kumar_ami\.m2\repository\org\springframework\spring-web\5.1.2.RELEASE\spring-web-5.1.2.RELEASE.jar;C:\Users\kumar_ami\.m2\repository\org\springframework\spring-webmvc\5.1.2.RELEASE\spring-webmvc-5.1.2.RELEASE.jar;C:\Users\kumar_ami\.m2\repository\org\springframework\spring-expression\5.1.2.RELEASE\spring-expression-5.1.2.RELEASE.jar;C:\Users\kumar_ami\.m2\repository\org\springframework\boot\spring-boot-devtools\2.1.0.RELEASE\spring-boot-devtools-2.1.0.RELEASE.jar;C:\Users\kumar_ami\.m2\repository\org\springframework\boot\spring-boot\2.1.0.RELEASE\spring-boot-2.1.0.RELEASE.jar;C:\Users\kumar_ami\.m2\repository\org\springframework\boot\spring-boot-autoconfigure\2.1.0.RELEASE\spring-boot-autoconfigure-2.1.0.RELEASE.jar;C:\Users\kumar_ami\.m2\repository\com\h2database\h2\1.4.197\h2-1.4.197.jar;C:\Users\kumar_ami\.m2\repository\mysql\mysql-connector-java\8.0.13\mysql-connector-java-8.0.13.jar;C:\Users\kumar_ami\.m2\repository\org\springframework\boot\spring-boot-starter-test\2.1.0.RELEASE\spring-boot-starter-test-2.1.0.RELEASE.jar;C:\Users\kumar_ami\.m2\repository\org\springframework\boot\spring-boot-test\2.1.0.RELEASE\spring-boot-test-2.1.0.RELEASE.jar;C:\Users\kumar_ami\.m2\repository\org\springframework\boot\spring-boot-test-autoconfigure\2.1.0.RELEASE\spring-boot-test-autoconfigure-2.1.0.RELEASE.jar;C:\Users\kumar_ami\.m2\repository\com\jayway\jsonpath\json-path\2.4.0\json-path-2.4.0.jar;C:\Users\kumar_ami\.m2\repository\net\minidev\json-smart\2.3\json-smart-2.3.jar;C:\Users\kumar_ami\.m2\repository\net\minidev\accessors-smart\1.2\accessors-smart-1.2.jar;C:\Users\kumar_ami\.m2\repository\org\ow2\asm\asm\5.0.4\asm-5.0.4.jar;C:\Users\kumar_ami\.m2\repository\junit\junit\4.12\junit-4.12.jar;C:\Users\kumar_ami\.m2\repository\org\assertj\assertj-core\3.11.1\assertj-core-3.11.1.jar;C:\Users\kumar_ami\.m2\repository\org\mockito\mockito-core\2.23.0\mockito-core-2.23.0.jar;C:\Users\kumar_ami\.m2\repository\net\bytebuddy\byte-buddy-agent\1.9.3\byte-buddy-agent-1.9.3.jar;C:\Users\kumar_ami\.m2\repository\org\objenesis\objenesis\2.6\objenesis-2.6.jar;C:\Users\kumar_ami\.m2\repository\org\hamcrest\hamcrest-core\1.3\hamcrest-core-1.3.jar;C:\Users\kumar_ami\.m2\repository\org\hamcrest\hamcrest-library\1.3\hamcrest-library-1.3.jar;C:\Users\kumar_ami\.m2\repository\org\skyscreamer\jsonassert\1.5.0\jsonassert-1.5.0.jar;C:\Users\kumar_ami\.m2\repository\com\vaadin\external\google\android-json\0.0.20131108.vaadin1\android-json-0.0.20131108.vaadin1.jar;C:\Users\kumar_ami\.m2\repository\org\springframework\spring-core\5.1.2.RELEASE\spring-core-5.1.2.RELEASE.jar;C:\Users\kumar_ami\.m2\repository\org\springframework\spring-jcl\5.1.2.RELEASE\spring-jcl-5.1.2.RELEASE.jar;C:\Users\kumar_ami\.m2\repository\org\springframework\spring-test\5.1.2.RELEASE\spring-test-5.1.2.RELEASE.jar;C:\Users\kumar_ami\.m2\repository\org\xmlunit\xmlunit-core\2.6.2\xmlunit-core-2.6.2.jar;C:\Users\kumar_ami\.m2\repository\org\springframework\boot\spring-boot-starter-security\2.1.0.RELEASE\spring-boot-starter-security-2.1.0.RELEASE.jar;C:\Users\kumar_ami\.m2\repository\org\springframework\spring-aop\5.1.2.RELEASE\spring-aop-5.1.2.RELEASE.jar;C:\Users\kumar_ami\.m2\repository\org\springframework\security\spring-security-config\5.1.1.RELEASE\spring-security-config-5.1.1.RELEASE.jar;C:\Users\kumar_ami\.m2\repository\org\springframework\security\spring-security-core\5.1.1.RELEASE\spring-security-core-5.1.1.RELEASE.jar;C:\Users\kumar_ami\.m2\repository\org\springframework\security\spring-security-web\5.1.1.RELEASE\spring-security-web-5.1.1.RELEASE.jar;C:\Users\kumar_ami\.m2\repository\com\google\code\gson\gson\2.8.5\gson-2.8.5.jar;C:\Users\kumar_ami\.m2\repository\io\jsonwebtoken\jjwt\0.9.0\jjwt-0.9.0.jar;C:\Users\kumar_ami\.m2\repository\com\fasterxml\jackson\core\jackson-databind\2.9.7\jackson-databind-2.9.7.jar;C:\Users\kumar_ami\.m2\repository\com\fasterxml\jackson\core\jackson-annotations\2.9.0\jackson-annotations-2.9.0.jar;C:\Users\kumar_ami\.m2\repository\com\fasterxml\jackson\core\jackson-core\2.9.7\jackson-core-2.9.7.jar;"/>
    <property name="java.vm.vendor" value="IBM Corporation"/>
    <property name="com.ibm.zero.version" value="2"/>
    <property name="sun.arch.data.model" value="32"/>
    <property name="com.ibm.vm.bitmode" value="32"/>
    <property name="user.variant" value=""/>
    <property name="com.ibm.oti.vm.library.version" value="28"/>
    <property name="java.vendor.url" value="http://www.ibm.com/"/>
    <property name="user.timezone" value="Asia/Calcutta"/>
    <property name="os.name" value="Windows 8.1"/>
    <property name="java.vm.specification.version" value="1.8"/>
    <property name="sun.java.launcher" value="SUN_STANDARD"/>
    <property name="user.country" value="IN"/>
    <property name="sun.boot.library.path" value="D:\BigFix\codebase\04_06\Build\thirdparty\Java\8.0.1.1\Windows\SDK\jre\bin\default;D:\BigFix\codebase\04_06\Build\thirdparty\Java\8.0.1.1\Windows\SDK\jre\bin"/>
    <property name="sun.java.command" value="C:\Users\KUMAR_~1\AppData\Local\Temp\surefire3348565282658961529\surefirebooter6063676596915415337.jar C:\Users\kumar_ami\AppData\Local\Temp\surefire3348565282658961529 2018-12-18T03-56-48_346-jvmRun1 surefire6290201879992266227tmp surefire_06003871159297605622tmp"/>
    <property name="surefire.test.class.path" value="D:\poc\Springboot+React\ABCEnterprisePPMTool\PPMToolFullStack\ppmtool\target\test-classes;D:\poc\Springboot+React\ABCEnterprisePPMTool\PPMToolFullStack\ppmtool\target\classes;C:\Users\kumar_ami\.m2\repository\org\springframework\boot\spring-boot-starter-data-jpa\2.1.0.RELEASE\spring-boot-starter-data-jpa-2.1.0.RELEASE.jar;C:\Users\kumar_ami\.m2\repository\org\springframework\boot\spring-boot-starter-aop\2.1.0.RELEASE\spring-boot-starter-aop-2.1.0.RELEASE.jar;C:\Users\kumar_ami\.m2\repository\org\aspectj\aspectjweaver\1.9.2\aspectjweaver-1.9.2.jar;C:\Users\kumar_ami\.m2\repository\org\springframework\boot\spring-boot-starter-jdbc\2.1.0.RELEASE\spring-boot-starter-jdbc-2.1.0.RELEASE.jar;C:\Users\kumar_ami\.m2\repository\com\zaxxer\HikariCP\3.2.0\HikariCP-3.2.0.jar;C:\Users\kumar_ami\.m2\repository\org\springframework\spring-jdbc\5.1.2.RELEASE\spring-jdbc-5.1.2.RELEASE.jar;C:\Users\kumar_ami\.m2\repository\javax\transaction\javax.transaction-api\1.3\javax.transaction-api-1.3.jar;C:\Users\kumar_ami\.m2\repository\javax\xml\bind\jaxb-api\2.3.1\jaxb-api-2.3.1.jar;C:\Users\kumar_ami\.m2\repository\javax\activation\javax.activation-api\1.2.0\javax.activation-api-1.2.0.jar;C:\Users\kumar_ami\.m2\repository\org\hibernate\hibernate-core\5.3.7.Final\hibernate-core-5.3.7.Final.jar;C:\Users\kumar_ami\.m2\repository\org\jboss\logging\jboss-logging\3.3.2.Final\jboss-logging-3.3.2.Final.jar;C:\Users\kumar_ami\.m2\repository\javax\persistence\javax.persistence-api\2.2\javax.persistence-api-2.2.jar;C:\Users\kumar_ami\.m2\repository\org\javassist\javassist\3.23.1-GA\javassist-3.23.1-GA.jar;C:\Users\kumar_ami\.m2\repository\net\bytebuddy\byte-buddy\1.9.3\byte-buddy-1.9.3.jar;C:\Users\kumar_ami\.m2\repository\antlr\antlr\2.7.7\antlr-2.7.7.jar;C:\Users\kumar_ami\.m2\repository\org\jboss\jandex\2.0.5.Final\jandex-2.0.5.Final.jar;C:\Users\kumar_ami\.m2\repository\com\fasterxml\classmate\1.4.0\classmate-1.4.0.jar;C:\Users\kumar_ami\.m2\repository\org\dom4j\dom4j\2.1.1\dom4j-2.1.1.jar;C:\Users\kumar_ami\.m2\repository\org\hibernate\common\hibernate-commons-annotations\5.0.4.Final\hibernate-commons-annotations-5.0.4.Final.jar;C:\Users\kumar_ami\.m2\repository\org\springframework\data\spring-data-jpa\2.1.2.RELEASE\spring-data-jpa-2.1.2.RELEASE.jar;C:\Users\kumar_ami\.m2\repository\org\springframework\data\spring-data-commons\2.1.2.RELEASE\spring-data-commons-2.1.2.RELEASE.jar;C:\Users\kumar_ami\.m2\repository\org\springframework\spring-orm\5.1.2.RELEASE\spring-orm-5.1.2.RELEASE.jar;C:\Users\kumar_ami\.m2\repository\org\springframework\spring-context\5.1.2.RELEASE\spring-context-5.1.2.RELEASE.jar;C:\Users\kumar_ami\.m2\repository\org\springframework\spring-tx\5.1.2.RELEASE\spring-tx-5.1.2.RELEASE.jar;C:\Users\kumar_ami\.m2\repository\org\springframework\spring-beans\5.1.2.RELEASE\spring-beans-5.1.2.RELEASE.jar;C:\Users\kumar_ami\.m2\repository\org\slf4j\slf4j-api\1.7.25\slf4j-api-1.7.25.jar;C:\Users\kumar_ami\.m2\repository\org\springframework\spring-aspects\5.1.2.RELEASE\spring-aspects-5.1.2.RELEASE.jar;C:\Users\kumar_ami\.m2\repository\org\springframework\boot\spring-boot-starter-web\2.1.0.RELEASE\spring-boot-starter-web-2.1.0.RELEASE.jar;C:\Users\kumar_ami\.m2\repository\org\springframework\boot\spring-boot-starter\2.1.0.RELEASE\spring-boot-starter-2.1.0.RELEASE.jar;C:\Users\kumar_ami\.m2\repository\org\springframework\boot\spring-boot-starter-logging\2.1.0.RELEASE\spring-boot-starter-logging-2.1.0.RELEASE.jar;C:\Users\kumar_ami\.m2\repository\ch\qos\logback\logback-classic\1.2.3\logback-classic-1.2.3.jar;C:\Users\kumar_ami\.m2\repository\ch\qos\logback\logback-core\1.2.3\logback-core-1.2.3.jar;C:\Users\kumar_ami\.m2\repository\org\apache\logging\log4j\log4j-to-slf4j\2.11.1\log4j-to-slf4j-2.11.1.jar;C:\Users\kumar_ami\.m2\repository\org\apache\logging\log4j\log4j-api\2.11.1\log4j-api-2.11.1.jar;C:\Users\kumar_ami\.m2\repository\org\slf4j\jul-to-slf4j\1.7.25\jul-to-slf4j-1.7.25.jar;C:\Users\kumar_ami\.m2\repository\javax\annotation\javax.annotation-api\1.3.2\javax.annotation-api-1.3.2.jar;C:\Users\kumar_ami\.m2\repository\org\yaml\snakeyaml\1.23\snakeyaml-1.23.jar;C:\Users\kumar_ami\.m2\repository\org\springframework\boot\spring-boot-starter-json\2.1.0.RELEASE\spring-boot-starter-json-2.1.0.RELEASE.jar;C:\Users\kumar_ami\.m2\repository\com\fasterxml\jackson\datatype\jackson-datatype-jdk8\2.9.7\jackson-datatype-jdk8-2.9.7.jar;C:\Users\kumar_ami\.m2\repository\com\fasterxml\jackson\datatype\jackson-datatype-jsr310\2.9.7\jackson-datatype-jsr310-2.9.7.jar;C:\Users\kumar_ami\.m2\repository\com\fasterxml\jackson\module\jackson-module-parameter-names\2.9.7\jackson-module-parameter-names-2.9.7.jar;C:\Users\kumar_ami\.m2\repository\org\springframework\boot\spring-boot-starter-tomcat\2.1.0.RELEASE\spring-boot-starter-tomcat-2.1.0.RELEASE.jar;C:\Users\kumar_ami\.m2\repository\org\apache\tomcat\embed\tomcat-embed-core\9.0.12\tomcat-embed-core-9.0.12.jar;C:\Users\kumar_ami\.m2\repository\org\apache\tomcat\embed\tomcat-embed-el\9.0.12\tomcat-embed-el-9.0.12.jar;C:\Users\kumar_ami\.m2\repository\org\apache\tomcat\embed\tomcat-embed-websocket\9.0.12\tomcat-embed-websocket-9.0.12.jar;C:\Users\kumar_ami\.m2\repository\org\hibernate\validator\hibernate-validator\6.0.13.Final\hibernate-validator-6.0.13.Final.jar;C:\Users\kumar_ami\.m2\repository\javax\validation\validation-api\2.0.1.Final\validation-api-2.0.1.Final.jar;C:\Users\kumar_ami\.m2\repository\org\springframework\spring-web\5.1.2.RELEASE\spring-web-5.1.2.RELEASE.jar;C:\Users\kumar_ami\.m2\repository\org\springframework\spring-webmvc\5.1.2.RELEASE\spring-webmvc-5.1.2.RELEASE.jar;C:\Users\kumar_ami\.m2\repository\org\springframework\spring-expression\5.1.2.RELEASE\spring-expression-5.1.2.RELEASE.jar;C:\Users\kumar_ami\.m2\repository\org\springframework\boot\spring-boot-devtools\2.1.0.RELEASE\spring-boot-devtools-2.1.0.RELEASE.jar;C:\Users\kumar_ami\.m2\repository\org\springframework\boot\spring-boot\2.1.0.RELEASE\spring-boot-2.1.0.RELEASE.jar;C:\Users\kumar_ami\.m2\repository\org\springframework\boot\spring-boot-autoconfigure\2.1.0.RELEASE\spring-boot-autoconfigure-2.1.0.RELEASE.jar;C:\Users\kumar_ami\.m2\repository\com\h2database\h2\1.4.197\h2-1.4.197.jar;C:\Users\kumar_ami\.m2\repository\mysql\mysql-connector-java\8.0.13\mysql-connector-java-8.0.13.jar;C:\Users\kumar_ami\.m2\repository\org\springframework\boot\spring-boot-starter-test\2.1.0.RELEASE\spring-boot-starter-test-2.1.0.RELEASE.jar;C:\Users\kumar_ami\.m2\repository\org\springframework\boot\spring-boot-test\2.1.0.RELEASE\spring-boot-test-2.1.0.RELEASE.jar;C:\Users\kumar_ami\.m2\repository\org\springframework\boot\spring-boot-test-autoconfigure\2.1.0.RELEASE\spring-boot-test-autoconfigure-2.1.0.RELEASE.jar;C:\Users\kumar_ami\.m2\repository\com\jayway\jsonpath\json-path\2.4.0\json-path-2.4.0.jar;C:\Users\kumar_ami\.m2\repository\net\minidev\json-smart\2.3\json-smart-2.3.jar;C:\Users\kumar_ami\.m2\repository\net\minidev\accessors-smart\1.2\accessors-smart-1.2.jar;C:\Users\kumar_ami\.m2\repository\org\ow2\asm\asm\5.0.4\asm-5.0.4.jar;C:\Users\kumar_ami\.m2\repository\junit\junit\4.12\junit-4.12.jar;C:\Users\kumar_ami\.m2\repository\org\assertj\assertj-core\3.11.1\assertj-core-3.11.1.jar;C:\Users\kumar_ami\.m2\repository\org\mockito\mockito-core\2.23.0\mockito-core-2.23.0.jar;C:\Users\kumar_ami\.m2\repository\net\bytebuddy\byte-buddy-agent\1.9.3\byte-buddy-agent-1.9.3.jar;C:\Users\kumar_ami\.m2\repository\org\objenesis\objenesis\2.6\objenesis-2.6.jar;C:\Users\kumar_ami\.m2\repository\org\hamcrest\hamcrest-core\1.3\hamcrest-core-1.3.jar;C:\Users\kumar_ami\.m2\repository\org\hamcrest\hamcrest-library\1.3\hamcrest-library-1.3.jar;C:\Users\kumar_ami\.m2\repository\org\skyscreamer\jsonassert\1.5.0\jsonassert-1.5.0.jar;C:\Users\kumar_ami\.m2\repository\com\vaadin\external\google\android-json\0.0.20131108.vaadin1\android-json-0.0.20131108.vaadin1.jar;C:\Users\kumar_ami\.m2\repository\org\springframework\spring-core\5.1.2.RELEASE\spring-core-5.1.2.RELEASE.jar;C:\Users\kumar_ami\.m2\repository\org\springframework\spring-jcl\5.1.2.RELEASE\spring-jcl-5.1.2.RELEASE.jar;C:\Users\kumar_ami\.m2\repository\org\springframework\spring-test\5.1.2.RELEASE\spring-test-5.1.2.RELEASE.jar;C:\Users\kumar_ami\.m2\repository\org\xmlunit\xmlunit-core\2.6.2\xmlunit-core-2.6.2.jar;C:\Users\kumar_ami\.m2\repository\org\springframework\boot\spring-boot-starter-security\2.1.0.RELEASE\spring-boot-starter-security-2.1.0.RELEASE.jar;C:\Users\kumar_ami\.m2\repository\org\springframework\spring-aop\5.1.2.RELEASE\spring-aop-5.1.2.RELEASE.jar;C:\Users\kumar_ami\.m2\repository\org\springframework\security\spring-security-config\5.1.1.RELEASE\spring-security-config-5.1.1.RELEASE.jar;C:\Users\kumar_ami\.m2\repository\org\springframework\security\spring-security-core\5.1.1.RELEASE\spring-security-core-5.1.1.RELEASE.jar;C:\Users\kumar_ami\.m2\repository\org\springframework\security\spring-security-web\5.1.1.RELEASE\spring-security-web-5.1.1.RELEASE.jar;C:\Users\kumar_ami\.m2\repository\com\google\code\gson\gson\2.8.5\gson-2.8.5.jar;C:\Users\kumar_ami\.m2\repository\io\jsonwebtoken\jjwt\0.9.0\jjwt-0.9.0.jar;C:\Users\kumar_ami\.m2\repository\com\fasterxml\jackson\core\jackson-databind\2.9.7\jackson-databind-2.9.7.jar;C:\Users\kumar_ami\.m2\repository\com\fasterxml\jackson\core\jackson-annotations\2.9.0\jackson-annotations-2.9.0.jar;C:\Users\kumar_ami\.m2\repository\com\fasterxml\jackson\core\jackson-core\2.9.7\jackson-core-2.9.7.jar;"/>
    <property name="com.ibm.packed.version" value="2"/>
    <property name="sun.cpu.endian" value="little"/>
    <property name="user.home" value="C:\Users\kumar_ami"/>
    <property name="user.language" value="en"/>
    <property name="java.specification.vendor" value="Oracle Corporation"/>
    <property name="java.home" value="D:\BigFix\codebase\04_06\Build\thirdparty\Java\8.0.1.1\Windows\SDK\jre"/>
    <property name="ibm.signalhandling.rs" value="false"/>
    <property name="file.separator" value="\"/>
    <property name="basedir" value="D:\poc\Springboot+React\ABCEnterprisePPMTool\PPMToolFullStack\ppmtool"/>
    <property name="line.separator" value="&#10;"/>
    <property name="java.vm.specification.vendor" value="Oracle Corporation"/>
    <property name="java.specification.name" value="Java Platform API Specification"/>
    <property name="java.compiler" value="j9jit28"/>
    <property name="com.ibm.util.extralibs.properties" value=""/>
    <property name="java.awt.graphicsenv" value="sun.awt.Win32GraphicsEnvironment"/>
    <property name="com.ibm.oti.configuration" value="scar"/>
    <property name="surefire.real.class.path" value="C:\Users\KUMAR_~1\AppData\Local\Temp\surefire3348565282658961529\surefirebooter6063676596915415337.jar"/>
    <property name="com.ibm.oti.shared.enabled" value="false"/>
    <property name="sun.boot.class.path" value="D:\BigFix\codebase\04_06\Build\thirdparty\Java\8.0.1.1\Windows\SDK\jre\bin\default\jclSC180\vm.jar;D:\BigFix\codebase\04_06\Build\thirdparty\Java\8.0.1.1\Windows\SDK\jre\lib\se-service.jar;D:\BigFix\codebase\04_06\Build\thirdparty\Java\8.0.1.1\Windows\SDK\jre\lib\math.jar;D:\BigFix\codebase\04_06\Build\thirdparty\Java\8.0.1.1\Windows\SDK\jre\lib\jlm.jar;D:\BigFix\codebase\04_06\Build\thirdparty\Java\8.0.1.1\Windows\SDK\jre\lib\ibmorb.jar;D:\BigFix\codebase\04_06\Build\thirdparty\Java\8.0.1.1\Windows\SDK\jre\lib\ibmorbapi.jar;D:\BigFix\codebase\04_06\Build\thirdparty\Java\8.0.1.1\Windows\SDK\jre\lib\ibmcfw.jar;D:\BigFix\codebase\04_06\Build\thirdparty\Java\8.0.1.1\Windows\SDK\jre\lib\ibmpkcs.jar;D:\BigFix\codebase\04_06\Build\thirdparty\Java\8.0.1.1\Windows\SDK\jre\lib\ibmcertpathfw.jar;D:\BigFix\codebase\04_06\Build\thirdparty\Java\8.0.1.1\Windows\SDK\jre\lib\ibmjgssfw.jar;D:\BigFix\codebase\04_06\Build\thirdparty\Java\8.0.1.1\Windows\SDK\jre\lib\ibmjssefw.jar;D:\BigFix\codebase\04_06\Build\thirdparty\Java\8.0.1.1\Windows\SDK\jre\lib\ibmsaslfw.jar;D:\BigFix\codebase\04_06\Build\thirdparty\Java\8.0.1.1\Windows\SDK\jre\lib\ibmjcefw.jar;D:\BigFix\codebase\04_06\Build\thirdparty\Java\8.0.1.1\Windows\SDK\jre\lib\ibmjgssprovider.jar;D:\BigFix\codebase\04_06\Build\thirdparty\Java\8.0.1.1\Windows\SDK\jre\lib\ibmjsseprovider2.jar;D:\BigFix\codebase\04_06\Build\thirdparty\Java\8.0.1.1\Windows\SDK\jre\lib\ibmcertpathprovider.jar;D:\BigFix\codebase\04_06\Build\thirdparty\Java\8.0.1.1\Windows\SDK\jre\lib\xmldsigfw.jar;D:\BigFix\codebase\04_06\Build\thirdparty\Java\8.0.1.1\Windows\SDK\jre\lib\xml.jar;D:\BigFix\codebase\04_06\Build\thirdparty\Java\8.0.1.1\Windows\SDK\jre\lib\charsets.jar;D:\BigFix\codebase\04_06\Build\thirdparty\Java\8.0.1.1\Windows\SDK\jre\lib\resources.jar;D:\BigFix\codebase\04_06\Build\thirdparty\Java\8.0.1.1\Windows\SDK\jre\lib\rt.jar;D:\BigFix\codebase\04_06\Build\thirdparty\Java\8.0.1.1\Windows\SDK\jre\lib\dataaccess.jar;D:\BigFix\codebase\04_06\Build\thirdparty\Java\8.0.1.1\Windows\SDK\jre\lib\ibmgpu.jar"/>
    <property name="com.ibm.oti.vm.bootstrap.library.path" value="D:\BigFix\codebase\04_06\Build\thirdparty\Java\8.0.1.1\Windows\SDK\jre\bin\default;D:\BigFix\codebase\04_06\Build\thirdparty\Java\8.0.1.1\Windows\SDK\jre\bin"/>
    <property name="com.ibm.cpu.endian" value="little"/>
    <property name="java.fullversion" value="JRE 1.8.0 IBM J9 2.8 Windows 8.1 x86-32 20150410_243669 (JIT enabled, AOT enabled)&#10;J9VM - R28_Java8_SR1_20150410_1531_B243669&#10;JIT  - tr.r14.java_20150402_88976.03&#10;GC   - R28_Java8_SR1_20150410_1531_B243669&#10;J9CL - 20150410_243669"/>
    <property name="java.runtime.version" value="pwi3280sr1fp1-20150603_01 (SR1 FP1)"/>
    <property name="user.name" value="kumar_ami"/>
    <property name="path.separator" value=";"/>
    <property name="os.version" value="6.3"/>
    <property name="java.endorsed.dirs" value="D:\BigFix\codebase\04_06\Build\thirdparty\Java\8.0.1.1\Windows\SDK\jre\lib\endorsed"/>
    <property name="java.runtime.name" value="Java(TM) SE Runtime Environment"/>
    <property name="ibm.signalhandling.sigint" value="true"/>
    <property name="file.encoding" value="Cp1252"/>
    <property name="java.vm.name" value="IBM J9 VM"/>
    <property name="ibm.signalhandling.sigchain" value="true"/>
    <property name="localRepository" value="C:\Users\kumar_ami\.m2\repository"/>
    <property name="java.io.tmpdir" value="C:\Users\KUMAR_~1\AppData\Local\Temp\"/>
    <property name="java.version" value="1.8.0"/>
    <property name="com.ibm.system.agent.path" value="D:\BigFix\codebase\04_06\Build\thirdparty\Java\8.0.1.1\Windows\SDK\jre\bin"/>
    <property name="user.dir" value="D:\poc\Springboot+React\ABCEnterprisePPMTool\PPMToolFullStack\ppmtool"/>
    <property name="os.arch" value="x86"/>
    <property name="java.vm.specification.name" value="Java Virtual Machine Specification"/>
    <property name="java.awt.printerjob" value="sun.awt.windows.WPrinterJob"/>
    <property name="os.encoding" value="UTF8"/>
    <property name="console.encoding" value="Cp437"/>
    <property name="com.ibm.oti.jcl.build" value="20150410_243669"/>
    <property name="java.library.path" value="D:\BigFix\codebase\04_06\Build\thirdparty\Java\8.0.1.1\Windows\SDK\jre\bin\default;D:\BigFix\codebase\04_06\Build\thirdparty\Java\8.0.1.1\Windows\SDK\jre\bin;C:\Windows\SysWOW64;C:\Windows;C:/Program Files/Java/jre1.8.0_141/bin/server;C:/Program Files/Java/jre1.8.0_141/bin;C:/Program Files/Java/jre1.8.0_141/lib/amd64;C:\Program Files (x86)\RSA SecurID Token Common;C:\Program Files\Docker\Docker\Resources\bin;C:\ProgramData\Oracle\Java\javapath;C:\Windows\system32;C:\Windows;C:\Windows\System32\Wbem;C:\Windows\System32\WindowsPowerShell\v1.0\;C:\Windows\CCM;C:\Program Files\Intel\WiFi\bin\;C:\Program Files\Common Files\Intel\WirelessCommon\;C:\Program Files\dotnet\;D:\Git\cmd;D:\back\D\04_06\Build\thirdparty\apache-ant-1.8.4\bin;C:\Program Files\Microsoft SQL Server\130\Tools\Binn\;D:\Software\;D:\back\Scripts\;D:\back\;C:\Users\kumar_ami\AppData\Local\Microsoft\WindowsApps;C:\Users\kumar_ami\AppData\Roaming\npm;C:\Users\kumar_ami\AppData\Local\atom\bin;D:\eclipse\eclipse-jee-oxygen-1a-win32-x86_64\eclipse;;."/>
    <property name="java.vendor" value="IBM Corporation"/>
    <property name="java.vm.info" value="JRE 1.8.0 Windows 8.1 x86-32 20150410_243669 (JIT enabled, AOT enabled)&#10;J9VM - R28_Java8_SR1_20150410_1531_B243669&#10;JIT  - tr.r14.java_20150402_88976.03&#10;GC   - R28_Java8_SR1_20150410_1531_B243669&#10;J9CL - 20150410_243669"/>
    <property name="java.vm.version" value="2.8"/>
    <property name="com.ibm.jcl.checkClassPath" value=""/>
    <property name="ibm.system.encoding" value="Cp1252"/>
    <property name="sun.io.unicode.encoding" value="UnicodeLittle"/>
    <property name="java.ext.dirs" value="D:\BigFix\codebase\04_06\Build\thirdparty\Java\8.0.1.1\Windows\SDK\jre\lib\ext"/>
    <property name="java.class.version" value="52.0"/>
  </properties>
  <testcase name="contextLoads" classname="com.abcenterprise.ppmtool.PpmtoolApplicationTests" time="0.068"/>
</testsuite>